

17/02/2024 12:21:01 PM
vim/loader.lua:76: Vim:Failed to run `config` for nvim-treesitter

stack traceback:
	[C]: in function 'pcall'
	.../Local/nvim-data/lazy/noice.nvim/lua/noice/util/call.lua:144: in function <.../Local/nvim-data/lazy/noice.nvim/lua/noice/util/call.lua:143>
	[C]: in function '__index'
	vim/loader.lua:76: in function 'get_rtp'
	vim/loader.lua:351: in function 'find'
	vim/loader.lua:170: in function <vim/loader.lua:168>
	[C]: in function 'require'
	...
	.../Local/nvim-data/lazy/noice.nvim/lua/noice/view/init.lua:30: in main chunk
	[C]: in function 'require'
	.../Local/nvim-data/lazy/noice.nvim/lua/noice/util/lazy.lua:6: in function 'load'
	.../Local/nvim-data/lazy/noice.nvim/lua/noice/util/lazy.lua:16: in function '__index'
	...l/nvim-data/lazy/noice.nvim/lua/noice/message/router.lua:53: in function 'add'
	...l/nvim-data/lazy/noice.nvim/lua/noice/message/router.lua:105: in function 'setup'
	...pData/Local/nvim-data/lazy/noice.nvim/lua/noice/init.lua:22: in function <...pData/Local/nvim-data/lazy/noice.nvim/lua/noice/init.lua:19>
	[C]: in function 'xpcall'
	.../Local/nvim-data/lazy/noice.nvim/lua/noice/util/call.lua:149: in function 'try'
	...pData/Local/nvim-data/lazy/noice.nvim/lua/noice/init.lua:19: in function <...pData/Local/nvim-data/lazy/noice.nvim/lua/noice/init.lua:18>

17/02/2024 12:23:21 PM
vim/loader.lua:76: Vim:Failed to run `config` for nvim-treesitter

stack traceback:
	[C]: in function 'pcall'
	.../Local/nvim-data/lazy/noice.nvim/lua/noice/util/call.lua:144: in function <.../Local/nvim-data/lazy/noice.nvim/lua/noice/util/call.lua:143>
	[C]: in function '__index'
	vim/loader.lua:76: in function 'get_rtp'
	vim/loader.lua:351: in function 'find'
	vim/loader.lua:170: in function <vim/loader.lua:168>
	[C]: in function 'require'
	...
	.../Local/nvim-data/lazy/noice.nvim/lua/noice/view/init.lua:30: in main chunk
	[C]: in function 'require'
	.../Local/nvim-data/lazy/noice.nvim/lua/noice/util/lazy.lua:6: in function 'load'
	.../Local/nvim-data/lazy/noice.nvim/lua/noice/util/lazy.lua:16: in function '__index'
	...l/nvim-data/lazy/noice.nvim/lua/noice/message/router.lua:53: in function 'add'
	...l/nvim-data/lazy/noice.nvim/lua/noice/message/router.lua:105: in function 'setup'
	...pData/Local/nvim-data/lazy/noice.nvim/lua/noice/init.lua:22: in function <...pData/Local/nvim-data/lazy/noice.nvim/lua/noice/init.lua:19>
	[C]: in function 'xpcall'
	.../Local/nvim-data/lazy/noice.nvim/lua/noice/util/call.lua:149: in function 'try'
	...pData/Local/nvim-data/lazy/noice.nvim/lua/noice/init.lua:19: in function <...pData/Local/nvim-data/lazy/noice.nvim/lua/noice/init.lua:18>

17/02/2024 12:24:06 PM
vim/loader.lua:76: Vim:Failed to run `config` for nvim-treesitter

stack traceback:
	[C]: in function 'pcall'
	.../Local/nvim-data/lazy/noice.nvim/lua/noice/util/call.lua:144: in function <.../Local/nvim-data/lazy/noice.nvim/lua/noice/util/call.lua:143>
	[C]: in function '__index'
	vim/loader.lua:76: in function 'get_rtp'
	vim/loader.lua:351: in function 'find'
	vim/loader.lua:170: in function <vim/loader.lua:168>
	[C]: in function 'require'
	...
	.../Local/nvim-data/lazy/noice.nvim/lua/noice/view/init.lua:30: in main chunk
	[C]: in function 'require'
	.../Local/nvim-data/lazy/noice.nvim/lua/noice/util/lazy.lua:6: in function 'load'
	.../Local/nvim-data/lazy/noice.nvim/lua/noice/util/lazy.lua:16: in function '__index'
	...l/nvim-data/lazy/noice.nvim/lua/noice/message/router.lua:53: in function 'add'
	...l/nvim-data/lazy/noice.nvim/lua/noice/message/router.lua:105: in function 'setup'
	...pData/Local/nvim-data/lazy/noice.nvim/lua/noice/init.lua:22: in function <...pData/Local/nvim-data/lazy/noice.nvim/lua/noice/init.lua:19>
	[C]: in function 'xpcall'
	.../Local/nvim-data/lazy/noice.nvim/lua/noice/util/call.lua:149: in function 'try'
	...pData/Local/nvim-data/lazy/noice.nvim/lua/noice/init.lua:19: in function <...pData/Local/nvim-data/lazy/noice.nvim/lua/noice/init.lua:18>